<?xml version="1.0" encoding="UTF-8"?>
<!-- Generated by org.testng.reporters.JUnitReportReporter -->
<testsuite skipped="0" hostname="Corei3-PC" name="ebayApp.EbayNativeApp" tests="2" failures="0" timestamp="19 Jul 2018 15:26:05 GMT" time="155.600" errors="0">
  <testcase name="Login" time="77.293" classname="ebayApp.EbayNativeApp"/>
  <testcase name="Login" time="78.307" classname="ebayApp.EbayNativeApp"/>
</testsuite> <!-- ebayApp.EbayNativeApp -->
