<?xml version="1.0" encoding="UTF-8"?>
<!-- Generated by org.testng.reporters.JUnitReportReporter -->
<testsuite skipped="0" hostname="Corei3-PC" name="ebayApp.EbayNativeApp" tests="1" failures="0" timestamp="19 Jul 2018 06:09:11 GMT" time="92.266" errors="0">
  <testcase name="Login" time="92.266" classname="ebayApp.EbayNativeApp"/>
</testsuite> <!-- ebayApp.EbayNativeApp -->
