<?xml version="1.0" encoding="UTF-8"?>
<!-- Generated by org.testng.reporters.JUnitReportReporter -->
<testsuite skipped="0" hostname="TVMATP95695L" name="ebayApp.EbayNativeApp" tests="1" failures="0" timestamp="14 Jul 2018 15:07:25 GMT" time="32.086" errors="1">
  <testcase name="Login" time="32.086" classname="ebayApp.EbayNativeApp">
    <error type="org.openqa.selenium.NoSuchElementException" message="An element could not be located on the page using the given search parameters. (WARNING: The server did not provide any stacktrace information)
Command duration or timeout: 32.07 seconds
For documentation on this error, please visit: http://seleniumhq.org/exceptions/no_such_element.html
Build info: version: &#039;unknown&#039;, revision: &#039;1969d75&#039;, time: &#039;2016-10-18 09:43:45 -0700&#039;
System info: host: &#039;TVMATP95695L&#039;, ip: &#039;192.168.8.100&#039;, os.name: &#039;Windows 7&#039;, os.arch: &#039;x86&#039;, os.version: &#039;6.1&#039;, java.version: &#039;1.8.0_111&#039;
Driver info: io.appium.java_client.android.AndroidDriver
Capabilities [{app=D:\Appium_Req\eBay.apk, appPackage=com.ebay.mobile, deviceScreenSize=800x1280, networkConnectionEnabled=true, warnings={}, databaseEnabled=false, version=5.5.1, deviceName=emulator-5554, platform=WINDOWS, deviceUDID=emulator-5554, appActivity=.activities.MainActivity, desired={app=D:\Appium_Req\eBay.apk, appPackage=com.ebay.mobile, appActivity=.activities.MainActivity, newCommandTimeout=60, platformName=Android, version=5.5.1, deviceName=emulator-5554, platform=WINDOWS}, newCommandTimeout=60, platformVersion=5.1.1, webStorageEnabled=false, locationContextEnabled=false, takesScreenshot=true, javascriptEnabled=true, deviceModel=sdk_phone_armv7, platformName=Android, deviceManufacturer=unknown}]
Session ID: 8e4ffd4c-e9c2-4ba8-9716-3a8123184b0e
*** Element info: {Using=id, value=com.ebay.mobile:id/home_sign_in_image}">
      <![CDATA[org.openqa.selenium.NoSuchElementException: An element could not be located on the page using the given search parameters. (WARNING: The server did not provide any stacktrace information)
Command duration or timeout: 32.07 seconds
For documentation on this error, please visit: http://seleniumhq.org/exceptions/no_such_element.html
Build info: version: 'unknown', revision: '1969d75', time: '2016-10-18 09:43:45 -0700'
System info: host: 'TVMATP95695L', ip: '192.168.8.100', os.name: 'Windows 7', os.arch: 'x86', os.version: '6.1', java.version: '1.8.0_111'
Driver info: io.appium.java_client.android.AndroidDriver
Capabilities [{app=D:\Appium_Req\eBay.apk, appPackage=com.ebay.mobile, deviceScreenSize=800x1280, networkConnectionEnabled=true, warnings={}, databaseEnabled=false, version=5.5.1, deviceName=emulator-5554, platform=WINDOWS, deviceUDID=emulator-5554, appActivity=.activities.MainActivity, desired={app=D:\Appium_Req\eBay.apk, appPackage=com.ebay.mobile, appActivity=.activities.MainActivity, newCommandTimeout=60, platformName=Android, version=5.5.1, deviceName=emulator-5554, platform=WINDOWS}, newCommandTimeout=60, platformVersion=5.1.1, webStorageEnabled=false, locationContextEnabled=false, takesScreenshot=true, javascriptEnabled=true, deviceModel=sdk_phone_armv7, platformName=Android, deviceManufacturer=unknown}]
Session ID: 8e4ffd4c-e9c2-4ba8-9716-3a8123184b0e
*** Element info: {Using=id, value=com.ebay.mobile:id/home_sign_in_image}
at sun.reflect.NativeConstructorAccessorImpl.newInstance0(Native Method)
at sun.reflect.NativeConstructorAccessorImpl.newInstance(Unknown Source)
at sun.reflect.DelegatingConstructorAccessorImpl.newInstance(Unknown Source)
at java.lang.reflect.Constructor.newInstance(Unknown Source)
at org.openqa.selenium.remote.ErrorHandler.createThrowable(ErrorHandler.java:216)
at org.openqa.selenium.remote.ErrorHandler.throwIfResponseFailed(ErrorHandler.java:168)
at org.openqa.selenium.remote.RemoteWebDriver.execute(RemoteWebDriver.java:635)
at io.appium.java_client.DefaultGenericMobileDriver.execute(DefaultGenericMobileDriver.java:42)
at io.appium.java_client.AppiumDriver.execute(AppiumDriver.java:1)
at io.appium.java_client.android.AndroidDriver.execute(AndroidDriver.java:1)
at org.openqa.selenium.remote.RemoteWebDriver.findElement(RemoteWebDriver.java:368)
at io.appium.java_client.DefaultGenericMobileDriver.findElement(DefaultGenericMobileDriver.java:62)
at io.appium.java_client.AppiumDriver.findElement(AppiumDriver.java:1)
at io.appium.java_client.android.AndroidDriver.findElement(AndroidDriver.java:1)
at org.openqa.selenium.remote.RemoteWebDriver.findElementById(RemoteWebDriver.java:417)
at io.appium.java_client.DefaultGenericMobileDriver.findElementById(DefaultGenericMobileDriver.java:70)
at io.appium.java_client.AppiumDriver.findElementById(AppiumDriver.java:1)
at io.appium.java_client.android.AndroidDriver.findElementById(AndroidDriver.java:1)
at org.openqa.selenium.By$ById.findElement(By.java:218)
at org.openqa.selenium.remote.RemoteWebDriver.findElement(RemoteWebDriver.java:360)
at io.appium.java_client.DefaultGenericMobileDriver.findElement(DefaultGenericMobileDriver.java:58)
at io.appium.java_client.AppiumDriver.findElement(AppiumDriver.java:1)
at io.appium.java_client.android.AndroidDriver.findElement(AndroidDriver.java:1)
at ebayApp.EbayNativeApp.Login(EbayNativeApp.java:67)
at sun.reflect.NativeMethodAccessorImpl.invoke0(Native Method)
at sun.reflect.NativeMethodAccessorImpl.invoke(Unknown Source)
at sun.reflect.DelegatingMethodAccessorImpl.invoke(Unknown Source)
at java.lang.reflect.Method.invoke(Unknown Source)
at org.testng.internal.MethodInvocationHelper.invokeMethod(MethodInvocationHelper.java:124)
at org.testng.internal.Invoker.invokeMethod(Invoker.java:580)
at org.testng.internal.Invoker.invokeTestMethod(Invoker.java:716)
at org.testng.internal.Invoker.invokeTestMethods(Invoker.java:988)
at org.testng.internal.TestMethodWorker.invokeTestMethods(TestMethodWorker.java:125)
at org.testng.internal.TestMethodWorker.run(TestMethodWorker.java:109)
at org.testng.TestRunner.privateRun(TestRunner.java:648)
at org.testng.TestRunner.run(TestRunner.java:505)
at org.testng.SuiteRunner.runTest(SuiteRunner.java:455)
at org.testng.SuiteRunner.runSequentially(SuiteRunner.java:450)
at org.testng.SuiteRunner.privateRun(SuiteRunner.java:415)
at org.testng.SuiteRunner.run(SuiteRunner.java:364)
at org.testng.SuiteRunnerWorker.runSuite(SuiteRunnerWorker.java:52)
at org.testng.SuiteRunnerWorker.run(SuiteRunnerWorker.java:84)
at org.testng.TestNG.runSuitesSequentially(TestNG.java:1208)
at org.testng.TestNG.runSuitesLocally(TestNG.java:1137)
at org.testng.TestNG.runSuites(TestNG.java:1049)
at org.testng.TestNG.run(TestNG.java:1017)
at org.testng.remote.AbstractRemoteTestNG.run(AbstractRemoteTestNG.java:114)
at org.testng.remote.RemoteTestNG.initAndRun(RemoteTestNG.java:251)
at org.testng.remote.RemoteTestNG.main(RemoteTestNG.java:77)
]]>
    </error>
  </testcase> <!-- Login -->
</testsuite> <!-- ebayApp.EbayNativeApp -->
