<?xml version="1.0" encoding="UTF-8"?>
<!-- Generated by org.testng.reporters.JUnitReportReporter -->
<testsuite skipped="1" hostname="TVMATP95695L" name="ebayApp.EbayNativeApp" tests="2" failures="0" timestamp="13 Jul 2018 13:06:57 GMT" time="61.766" errors="1">
  <testcase name="Login" time="0.000" classname="ebayApp.EbayNativeApp">
    <skipped/>
  </testcase> <!-- Login -->
  <testcase name="Launchapp" time="61.766" classname="ebayApp.EbayNativeApp">
    <error type="org.openqa.selenium.SessionNotCreatedException" message="Unable to create new remote session. desired capabilities = Capabilities [{app=D:\Appium_Req\eBay.apk, appPackage=com.ebay.mobile, appActivity=.activities.eBay, newCommandTimeout=60, platformName=Android, version=5.5.1, deviceName=emulator-5554, platform=WINDOWS}], required capabilities = Capabilities [{}]
Build info: version: &#039;unknown&#039;, revision: &#039;1969d75&#039;, time: &#039;2016-10-18 09:43:45 -0700&#039;
System info: host: &#039;TVMATP95695L&#039;, ip: &#039;192.168.8.101&#039;, os.name: &#039;Windows 7&#039;, os.arch: &#039;x86&#039;, os.version: &#039;6.1&#039;, java.version: &#039;1.8.0_111&#039;
Driver info: driver.version: AndroidDriver">
      <![CDATA[org.openqa.selenium.SessionNotCreatedException: Unable to create new remote session. desired capabilities = Capabilities [{app=D:\Appium_Req\eBay.apk, appPackage=com.ebay.mobile, appActivity=.activities.eBay, newCommandTimeout=60, platformName=Android, version=5.5.1, deviceName=emulator-5554, platform=WINDOWS}], required capabilities = Capabilities [{}]
Build info: version: 'unknown', revision: '1969d75', time: '2016-10-18 09:43:45 -0700'
System info: host: 'TVMATP95695L', ip: '192.168.8.101', os.name: 'Windows 7', os.arch: 'x86', os.version: '6.1', java.version: '1.8.0_111'
Driver info: driver.version: AndroidDriver
at org.openqa.selenium.remote.ProtocolHandshake.createSession(ProtocolHandshake.java:91)
at org.openqa.selenium.remote.HttpCommandExecutor.execute(HttpCommandExecutor.java:141)
at org.openqa.selenium.remote.RemoteWebDriver.execute(RemoteWebDriver.java:601)
at io.appium.java_client.AppiumDriver.execute(AppiumDriver.java:180)
at org.openqa.selenium.remote.RemoteWebDriver.startSession(RemoteWebDriver.java:241)
at org.openqa.selenium.remote.RemoteWebDriver.<init>(RemoteWebDriver.java:128)
at org.openqa.selenium.remote.RemoteWebDriver.<init>(RemoteWebDriver.java:155)
at io.appium.java_client.AppiumDriver.<init>(AppiumDriver.java:109)
at io.appium.java_client.android.AndroidDriver.<init>(AndroidDriver.java:39)
at ebayApp.setCapabilities.setSessionCapabilities(setCapabilities.java:31)
at ebayApp.EbayNativeApp.Launchapp(EbayNativeApp.java:22)
at sun.reflect.NativeMethodAccessorImpl.invoke0(Native Method)
at sun.reflect.NativeMethodAccessorImpl.invoke(Unknown Source)
at sun.reflect.DelegatingMethodAccessorImpl.invoke(Unknown Source)
at java.lang.reflect.Method.invoke(Unknown Source)
at org.testng.internal.MethodInvocationHelper.invokeMethod(MethodInvocationHelper.java:124)
at org.testng.internal.MethodInvocationHelper.invokeMethodConsideringTimeout(MethodInvocationHelper.java:59)
at org.testng.internal.Invoker.invokeConfigurationMethod(Invoker.java:455)
at org.testng.internal.Invoker.invokeConfigurations(Invoker.java:222)
at org.testng.internal.Invoker.invokeConfigurations(Invoker.java:142)
at org.testng.internal.TestMethodWorker.invokeBeforeClassMethods(TestMethodWorker.java:168)
at org.testng.internal.TestMethodWorker.run(TestMethodWorker.java:105)
at org.testng.TestRunner.privateRun(TestRunner.java:648)
at org.testng.TestRunner.run(TestRunner.java:505)
at org.testng.SuiteRunner.runTest(SuiteRunner.java:455)
at org.testng.SuiteRunner.runSequentially(SuiteRunner.java:450)
at org.testng.SuiteRunner.privateRun(SuiteRunner.java:415)
at org.testng.SuiteRunner.run(SuiteRunner.java:364)
at org.testng.SuiteRunnerWorker.runSuite(SuiteRunnerWorker.java:52)
at org.testng.SuiteRunnerWorker.run(SuiteRunnerWorker.java:84)
at org.testng.TestNG.runSuitesSequentially(TestNG.java:1208)
at org.testng.TestNG.runSuitesLocally(TestNG.java:1137)
at org.testng.TestNG.runSuites(TestNG.java:1049)
at org.testng.TestNG.run(TestNG.java:1017)
at org.testng.remote.AbstractRemoteTestNG.run(AbstractRemoteTestNG.java:114)
at org.testng.remote.RemoteTestNG.initAndRun(RemoteTestNG.java:251)
at org.testng.remote.RemoteTestNG.main(RemoteTestNG.java:77)
]]>
    </error>
  </testcase> <!-- Launchapp -->
</testsuite> <!-- ebayApp.EbayNativeApp -->
