<?xml version="1.0" encoding="UTF-8"?>
<!-- Generated by org.testng.reporters.JUnitReportReporter -->
<testsuite skipped="0" hostname="Corei3-PC" name="ebayApp.EbayNativeApp" tests="1" failures="0" timestamp="17 Jul 2018 19:21:01 GMT" time="88.469" errors="0">
  <testcase name="Login" time="88.469" classname="ebayApp.EbayNativeApp"/>
</testsuite> <!-- ebayApp.EbayNativeApp -->
